<?xml version="1.0" encoding="UTF-8"?>
<!-- Generated by org.testng.reporters.JUnitReportReporter -->
<testsuite hostname="Asus-Vivobook14" failures="0" tests="4" name="workingWithtTestNG.Reporter_logUsage" time="0.025" errors="0" timestamp="2023-01-02T17:13:33 IST" skipped="0">
  <testcase classname="workingWithtTestNG.Reporter_logUsage" name="selenium" time="0.003"/>
  <system-out>
selenium training undergoing   </system-out>
  <testcase classname="workingWithtTestNG.Reporter_logUsage" name="manual" time="0.017"/>
  <system-out>
manual mock done  </system-out>
  <testcase classname="workingWithtTestNG.Reporter_logUsage" name="java" time="0.003"/>
  <system-out>
java mock pending  </system-out>
  <testcase classname="workingWithtTestNG.Reporter_logUsage" name="api" time="0.002"/>
  <system-out>
API mock pending   </system-out>
</testsuite> <!-- workingWithtTestNG.Reporter_logUsage -->
