<?xml version="1.0" encoding="UTF-8"?>
<!-- Generated by org.testng.reporters.JUnitReportReporter -->
<testsuite hostname="Asus-Vivobook14" failures="0" tests="2" name="DataProvider.ReadingCredentialsFromExcelForActitime" time="49.100" errors="0" timestamp="2023-01-11T20:22:41 IST" skipped="0">
  <testcase classname="DataProvider.ReadingCredentialsFromExcelForActitime" name="actiTime" time="35.250"/>
  <system-out/>
  <testcase classname="DataProvider.ReadingCredentialsFromExcelForActitime" name="actiTime" time="13.850"/>
  <system-out/>
</testsuite> <!-- DataProvider.ReadingCredentialsFromExcelForActitime -->
