<?xml version="1.0" encoding="UTF-8"?>
<!-- Generated by org.testng.reporters.JUnitReportReporter -->
<testsuite hostname="Asus-Vivobook14" failures="0" tests="4" name="workingWithtTestNG.Sample" time="0.017" errors="0" timestamp="2023-01-02T15:42:30 IST" skipped="0">
  <testcase classname="workingWithtTestNG.Sample" name="readAccount" time="0.001"/>
  <system-out/>
  <testcase classname="workingWithtTestNG.Sample" name="updateAccount" time="0.002"/>
  <system-out/>
  <testcase classname="workingWithtTestNG.Sample" name="deleteAccount" time="0.003"/>
  <system-out/>
  <testcase classname="workingWithtTestNG.Sample" name="createAccount" time="0.011"/>
  <system-out/>
</testsuite> <!-- workingWithtTestNG.Sample -->
