<?xml version="1.0" encoding="UTF-8"?>
<!-- Generated by org.testng.reporters.JUnitReportReporter -->
<testsuite hostname="Asus-Vivobook14" failures="0" tests="1" name="carsBatchExecution.Car_TC_racing_002" time="40.024" errors="0" timestamp="2023-01-12T16:14:48 IST" skipped="0">
  <testcase classname="carsBatchExecution.Car_TC_racing_002" name="Car1" time="40.024"/>
  <system-out/>
</testsuite> <!-- carsBatchExecution.Car_TC_racing_002 -->
