<?xml version="1.0" encoding="UTF-8"?>
<!-- Generated by org.testng.reporters.JUnitReportReporter -->
<testsuite hostname="Asus-Vivobook14" failures="0" tests="1" name="assertClass.AssertClassSample" time="13.883" errors="0" timestamp="2023-01-12T12:44:39 IST" skipped="0">
  <testcase classname="assertClass.AssertClassSample" name="actitime" time="13.883"/>
  <system-out/>
</testsuite> <!-- assertClass.AssertClassSample -->
