<?xml version="1.0" encoding="UTF-8"?>
<!-- Generated by org.testng.reporters.JUnitReportReporter -->
<testsuite hostname="Asus-Vivobook14" failures="0" tests="1" name="workingWithtTestNG.ParametersFromXMLFile" time="3.122" errors="0" timestamp="2023-01-10T15:16:14 IST" skipped="0">
  <testcase classname="workingWithtTestNG.ParametersFromXMLFile" name="urlLauch" time="3.122"/>
  <system-out/>
</testsuite> <!-- workingWithtTestNG.ParametersFromXMLFile -->
