<?xml version="1.0" encoding="UTF-8"?>
<!-- Generated by org.testng.reporters.JUnitReportReporter -->
<testsuite hostname="Asus-Vivobook14" failures="0" tests="10" name="workingWithtTestNG.InvocationCountThreadPoolSize" time="144.236" errors="0" timestamp="2023-01-10T11:23:16 IST" skipped="0">
  <testcase classname="workingWithtTestNG.InvocationCountThreadPoolSize" name="zomato" time="15.408"/>
  <system-out/>
  <testcase classname="workingWithtTestNG.InvocationCountThreadPoolSize" name="zomato" time="14.149"/>
  <system-out/>
  <testcase classname="workingWithtTestNG.InvocationCountThreadPoolSize" name="zomato" time="23.273"/>
  <system-out/>
  <testcase classname="workingWithtTestNG.InvocationCountThreadPoolSize" name="zomato" time="17.178"/>
  <system-out/>
  <testcase classname="workingWithtTestNG.InvocationCountThreadPoolSize" name="zomato" time="9.141"/>
  <system-out/>
  <testcase classname="workingWithtTestNG.InvocationCountThreadPoolSize" name="zomato" time="14.302"/>
  <system-out/>
  <testcase classname="workingWithtTestNG.InvocationCountThreadPoolSize" name="zomato" time="17.347"/>
  <system-out/>
  <testcase classname="workingWithtTestNG.InvocationCountThreadPoolSize" name="zomato" time="15.411"/>
  <system-out/>
  <testcase classname="workingWithtTestNG.InvocationCountThreadPoolSize" name="foodpanda" time="14.118"/>
  <system-out/>
  <testcase classname="workingWithtTestNG.InvocationCountThreadPoolSize" name="mcdonalds" time="3.909"/>
  <system-out/>
</testsuite> <!-- workingWithtTestNG.InvocationCountThreadPoolSize -->
