<?xml version="1.0" encoding="UTF-8"?>
<!-- Generated by org.testng.reporters.JUnitReportReporter -->
<testsuite hostname="Asus-Vivobook14" failures="0" tests="5" name="DataProvider.DataProviderForMultipleUrl" time="62.309" errors="0" timestamp="2023-01-11T11:08:25 IST" skipped="0">
  <testcase classname="DataProvider.DataProviderForMultipleUrl" name="test" time="11.508"/>
  <system-out/>
  <testcase classname="DataProvider.DataProviderForMultipleUrl" name="test" time="14.522"/>
  <system-out/>
  <testcase classname="DataProvider.DataProviderForMultipleUrl" name="test" time="12.432"/>
  <system-out/>
  <testcase classname="DataProvider.DataProviderForMultipleUrl" name="test" time="11.523"/>
  <system-out/>
  <testcase classname="DataProvider.DataProviderForMultipleUrl" name="test" time="12.324"/>
  <system-out/>
</testsuite> <!-- DataProvider.DataProviderForMultipleUrl -->
