<?xml version="1.0" encoding="UTF-8"?>
<!-- Generated by org.testng.reporters.JUnitReportReporter -->
<testsuite hostname="Asus-Vivobook14" failures="0" tests="1" name="headphonesBatchExecution.Headphones_TC_highBass_4" time="19.364" errors="0" timestamp="2023-01-03T12:57:07 IST" skipped="0">
  <testcase classname="headphonesBatchExecution.Headphones_TC_highBass_4" name="Headphones" time="19.364"/>
  <system-out/>
</testsuite> <!-- headphonesBatchExecution.Headphones_TC_highBass_4 -->
