<?xml version="1.0" encoding="UTF-8"?>
<!-- Generated by org.testng.reporters.JUnitReportReporter -->
<testsuite hostname="Asus-Vivobook14" failures="0" tests="5" name="DataProvider.ReadingDataFromExcelTestNG" time="80.390" errors="0" timestamp="2023-01-11T13:12:05 IST" skipped="0">
  <testcase classname="DataProvider.ReadingDataFromExcelTestNG" name="test" time="12.496"/>
  <system-out/>
  <testcase classname="DataProvider.ReadingDataFromExcelTestNG" name="test" time="12.684"/>
  <system-out/>
  <testcase classname="DataProvider.ReadingDataFromExcelTestNG" name="test" time="29.874"/>
  <system-out/>
  <testcase classname="DataProvider.ReadingDataFromExcelTestNG" name="test" time="12.651"/>
  <system-out/>
  <testcase classname="DataProvider.ReadingDataFromExcelTestNG" name="test" time="12.685"/>
  <system-out/>
</testsuite> <!-- DataProvider.ReadingDataFromExcelTestNG -->
