<?xml version="1.0" encoding="UTF-8"?>
<!-- Generated by org.testng.reporters.JUnitReportReporter -->
<testsuite hostname="Asus-Vivobook14" failures="0" tests="1" name="headphonesBatchExecution.Headphones_TC_highBass_003" time="22.776" errors="0" timestamp="2023-01-12T16:14:48 IST" skipped="0">
  <testcase classname="headphonesBatchExecution.Headphones_TC_highBass_003" name="Headphones" time="22.776"/>
  <system-out/>
</testsuite> <!-- headphonesBatchExecution.Headphones_TC_highBass_003 -->
