<?xml version="1.0" encoding="UTF-8"?>
<!-- Generated by org.testng.reporters.JUnitReportReporter -->
<testsuite hostname="Asus-Vivobook14" failures="0" tests="2" name="DataProvider.DataProviderActitimeTwoDArray" time="25.799" errors="0" timestamp="2023-01-11T12:00:10 IST" skipped="0">
  <testcase classname="DataProvider.DataProviderActitimeTwoDArray" name="actiTime" time="13.840"/>
  <system-out/>
  <testcase classname="DataProvider.DataProviderActitimeTwoDArray" name="actiTime" time="11.959"/>
  <system-out/>
</testsuite> <!-- DataProvider.DataProviderActitimeTwoDArray -->
