<?xml version="1.0" encoding="UTF-8"?>
<!-- Generated by org.testng.reporters.JUnitReportReporter -->
<testsuite hostname="Asus-Vivobook14" failures="0" tests="1" name="POM_DesignPattern.ViaPOM_Design_Pattern" time="37.672" errors="0" timestamp="2023-01-16T11:50:18 IST" skipped="0">
  <testcase classname="POM_DesignPattern.ViaPOM_Design_Pattern" name="toSearchBussesForThreeDiiferentLocation" time="37.672"/>
  <system-out/>
</testsuite> <!-- POM_DesignPattern.ViaPOM_Design_Pattern -->
